DEBUG main org.springframework.beans.factory.support.DefaultListableBeanFactory - Creating instance of bean 'dataSourceTransactionManager'
DEBUG main org.springframework.beans.factory.support.DefaultListableBeanFactory - Returning cached instance of singleton bean 'org.springframework.aop.support.DefaultBeanFactoryPointcutAdvisor#0'
DEBUG main org.springframework.beans.factory.support.DefaultListableBeanFactory - Eagerly caching bean 'dataSourceTransactionManager' to allow for resolving potential circular references
DEBUG main org.springframework.beans.factory.support.DefaultListableBeanFactory - Returning cached instance of singleton bean 'dataSource'
DEBUG main org.springframework.beans.factory.support.DefaultListableBeanFactory - Invoking afterPropertiesSet() on bean with name 'dataSourceTransactionManager'
DEBUG main org.springframework.beans.factory.support.DefaultListableBeanFactory - Returning cached instance of singleton bean 'org.springframework.aop.support.DefaultBeanFactoryPointcutAdvisor#0'
DEBUG main org.springframework.beans.factory.support.DefaultListableBeanFactory - Returning cached instance of singleton bean 'org.springframework.aop.support.DefaultBeanFactoryPointcutAdvisor#0'
DEBUG main org.springframework.beans.factory.support.DefaultListableBeanFactory - Finished creating instance of bean 'dataSourceTransactionManager'
DEBUG main org.springframework.beans.factory.support.DefaultListableBeanFactory - Creating instance of bean '(inner bean)#5707c1cb'
DEBUG main org.springframework.beans.factory.support.DefaultListableBeanFactory - Returning cached instance of singleton bean 'org.springframework.aop.support.DefaultBeanFactoryPointcutAdvisor#0'
DEBUG main org.springframework.transaction.interceptor.NameMatchTransactionAttributeSource - Adding transactional method [find*] with attribute [PROPAGATION_REQUIRED,ISOLATION_DEFAULT,readOnly]
DEBUG main org.springframework.transaction.interceptor.NameMatchTransactionAttributeSource - Adding transactional method [*] with attribute [PROPAGATION_REQUIRED,ISOLATION_DEFAULT]
DEBUG main org.springframework.beans.factory.support.DefaultListableBeanFactory - Returning cached instance of singleton bean 'org.springframework.aop.support.DefaultBeanFactoryPointcutAdvisor#0'
DEBUG main org.springframework.beans.factory.support.DefaultListableBeanFactory - Returning cached instance of singleton bean 'org.springframework.aop.support.DefaultBeanFactoryPointcutAdvisor#0'
DEBUG main org.springframework.beans.factory.support.DefaultListableBeanFactory - Finished creating instance of bean '(inner bean)#5707c1cb'
DEBUG main org.springframework.beans.factory.support.DefaultListableBeanFactory - Invoking afterPropertiesSet() on bean with name 'txAdvice'
DEBUG main org.springframework.beans.factory.support.DefaultListableBeanFactory - Finished creating instance of bean 'txAdvice'
DEBUG main org.springframework.aop.aspectj.autoproxy.AspectJAwareAdvisorAutoProxyCreator - Creating implicit proxy for bean 'MoviesService' with 0 common interceptors and 2 specific interceptors
DEBUG main org.springframework.aop.framework.JdkDynamicAopProxy - Creating JDK dynamic proxy: target source is SingletonTargetSource for target object [com.cd.service.impl.IMoviesServiceImpl@3e587920]
DEBUG main org.springframework.beans.factory.support.DefaultListableBeanFactory - Finished creating instance of bean 'MoviesService'
DEBUG main org.springframework.beans.factory.support.DefaultListableBeanFactory - Returning cached instance of singleton bean 'org.springframework.context.annotation.internalConfigurationAnnotationProcessor'
DEBUG main org.springframework.beans.factory.support.DefaultListableBeanFactory - Returning cached instance of singleton bean 'org.springframework.context.annotation.internalAutowiredAnnotationProcessor'
DEBUG main org.springframework.beans.factory.support.DefaultListableBeanFactory - Returning cached instance of singleton bean 'org.springframework.context.annotation.internalRequiredAnnotationProcessor'
DEBUG main org.springframework.beans.factory.support.DefaultListableBeanFactory - Returning cached instance of singleton bean 'org.springframework.context.annotation.internalCommonAnnotationProcessor'
DEBUG main org.springframework.beans.factory.support.DefaultListableBeanFactory - Creating shared instance of singleton bean 'org.springframework.context.event.internalEventListenerProcessor'
DEBUG main org.springframework.beans.factory.support.DefaultListableBeanFactory - Creating instance of bean 'org.springframework.context.event.internalEventListenerProcessor'
DEBUG main org.springframework.beans.factory.support.DefaultListableBeanFactory - Returning cached instance of singleton bean 'org.springframework.aop.support.DefaultBeanFactoryPointcutAdvisor#0'
DEBUG main org.springframework.beans.factory.support.DefaultListableBeanFactory - Eagerly caching bean 'org.springframework.context.event.internalEventListenerProcessor' to allow for resolving potential circular references
DEBUG main org.springframework.beans.factory.support.DefaultListableBeanFactory - Returning cached instance of singleton bean 'org.springframework.aop.support.DefaultBeanFactoryPointcutAdvisor#0'
DEBUG main org.springframework.beans.factory.support.DefaultListableBeanFactory - Returning cached instance of singleton bean 'org.springframework.aop.support.DefaultBeanFactoryPointcutAdvisor#0'
DEBUG main org.springframework.beans.factory.support.DefaultListableBeanFactory - Finished creating instance of bean 'org.springframework.context.event.internalEventListenerProcessor'
DEBUG main org.springframework.beans.factory.support.DefaultListableBeanFactory - Creating shared instance of singleton bean 'org.springframework.context.event.internalEventListenerFactory'
DEBUG main org.springframework.beans.factory.support.DefaultListableBeanFactory - Creating instance of bean 'org.springframework.context.event.internalEventListenerFactory'
DEBUG main org.springframework.beans.factory.support.DefaultListableBeanFactory - Returning cached instance of singleton bean 'org.springframework.aop.support.DefaultBeanFactoryPointcutAdvisor#0'
DEBUG main org.springframework.beans.factory.support.DefaultListableBeanFactory - Eagerly caching bean 'org.springframework.context.event.internalEventListenerFactory' to allow for resolving potential circular references
DEBUG main org.springframework.beans.factory.support.DefaultListableBeanFactory - Returning cached instance of singleton bean 'org.springframework.aop.support.DefaultBeanFactoryPointcutAdvisor#0'
DEBUG main org.springframework.beans.factory.support.DefaultListableBeanFactory - Returning cached instance of singleton bean 'org.springframework.aop.support.DefaultBeanFactoryPointcutAdvisor#0'
DEBUG main org.springframework.beans.factory.support.DefaultListableBeanFactory - Finished creating instance of bean 'org.springframework.context.event.internalEventListenerFactory'
DEBUG main org.springframework.beans.factory.support.DefaultListableBeanFactory - Returning cached instance of singleton bean 'MapperScannerConfigurer'
DEBUG main org.springframework.beans.factory.support.DefaultListableBeanFactory - Returning cached instance of singleton bean 'org.springframework.context.support.PropertySourcesPlaceholderConfigurer#0'
DEBUG main org.springframework.beans.factory.support.DefaultListableBeanFactory - Returning cached instance of singleton bean 'dataSource'
DEBUG main org.springframework.beans.factory.support.DefaultListableBeanFactory - Returning cached instance of singleton bean 'sqlSessionFactory'
DEBUG main org.springframework.beans.factory.support.DefaultListableBeanFactory - Returning cached instance of singleton bean 'dataSourceTransactionManager'
DEBUG main org.springframework.beans.factory.support.DefaultListableBeanFactory - Returning cached instance of singleton bean 'txAdvice'
DEBUG main org.springframework.beans.factory.support.DefaultListableBeanFactory - Returning cached instance of singleton bean 'org.springframework.aop.config.internalAutoProxyCreator'
DEBUG main org.springframework.beans.factory.support.DefaultListableBeanFactory - Returning cached instance of singleton bean 'org.springframework.aop.support.DefaultBeanFactoryPointcutAdvisor#0'
DEBUG main org.springframework.beans.factory.support.DefaultListableBeanFactory - Returning cached instance of singleton bean 'IMoviesDao'
DEBUG main org.springframework.beans.factory.support.DefaultListableBeanFactory - Returning cached instance of singleton bean 'org.springframework.context.event.internalEventListenerFactory'
DEBUG main org.springframework.context.support.GenericApplicationContext - Unable to locate LifecycleProcessor with name 'lifecycleProcessor': using default [org.springframework.context.support.DefaultLifecycleProcessor@6c451c9c]
DEBUG main org.springframework.beans.factory.support.DefaultListableBeanFactory - Returning cached instance of singleton bean 'lifecycleProcessor'
DEBUG main org.springframework.beans.factory.support.DefaultListableBeanFactory - Returning cached instance of singleton bean 'sqlSessionFactory'
DEBUG main org.springframework.core.env.PropertySourcesPropertyResolver - Could not find key 'spring.liveBeansView.mbeanDomain' in any property source
DEBUG main org.springframework.test.context.cache.DefaultCacheAwareContextLoaderDelegate - Storing ApplicationContext in cache under key [[MergedContextConfiguration@1a451d4d testClass = TestSpring, locations = '{classpath:applicationContext.xml}', classes = '{}', contextInitializerClasses = '[]', activeProfiles = '{}', propertySourceLocations = '{}', propertySourceProperties = '{}', contextCustomizers = set[[empty]], contextLoader = 'org.springframework.test.context.support.DelegatingSmartContextLoader', parent = [null]]]
DEBUG main org.springframework.test.context.cache - Spring test ApplicationContext cache statistics: [DefaultContextCache@52c8295b size = 1, maxSize = 32, parentContextCount = 0, hitCount = 0, missCount = 1]
DEBUG main org.springframework.beans.factory.annotation.InjectionMetadata - Processing injected element of bean 'com.cd.test.TestSpring': AutowiredFieldElement for private com.cd.service.IMoviesService com.cd.test.TestSpring.iMoviesService
DEBUG main org.springframework.core.annotation.AnnotationUtils - Failed to meta-introspect annotation [interface org.springframework.beans.factory.annotation.Autowired]: java.lang.IllegalArgumentException: Annotation must not be null
DEBUG main org.springframework.beans.factory.support.DefaultListableBeanFactory - Returning cached instance of singleton bean 'MoviesService'
DEBUG main org.springframework.beans.factory.annotation.AutowiredAnnotationBeanPostProcessor - Autowiring by type from bean name 'com.cd.test.TestSpring' to bean named 'MoviesService'
DEBUG main org.springframework.beans.factory.support.DefaultListableBeanFactory - Returning cached instance of singleton bean 'org.springframework.aop.support.DefaultBeanFactoryPointcutAdvisor#0'
DEBUG main org.springframework.beans.factory.support.DefaultListableBeanFactory - Returning cached instance of singleton bean 'org.springframework.aop.support.DefaultBeanFactoryPointcutAdvisor#0'
DEBUG main org.springframework.test.context.support.AbstractDirtiesContextTestExecutionListener - Before test method: context [DefaultTestContext@62150f9e testClass = TestSpring, testInstance = com.cd.test.TestSpring@661972b0, testMethod = test@TestSpring, testException = [null], mergedContextConfiguration = [MergedContextConfiguration@1a451d4d testClass = TestSpring, locations = '{classpath:applicationContext.xml}', classes = '{}', contextInitializerClasses = '[]', activeProfiles = '{}', propertySourceLocations = '{}', propertySourceProperties = '{}', contextCustomizers = set[[empty]], contextLoader = 'org.springframework.test.context.support.DelegatingSmartContextLoader', parent = [null]], attributes = map[[empty]]], class annotated with @DirtiesContext [false] with mode [null], method annotated with @DirtiesContext [false] with mode [null].
DEBUG main org.springframework.jdbc.datasource.DataSourceTransactionManager - Creating new transaction with name [com.cd.service.impl.IMoviesServiceImpl.findAll]: PROPAGATION_REQUIRED,ISOLATION_DEFAULT,readOnly
INFO main com.alibaba.druid.pool.DruidDataSource - {dataSource-1} inited
DEBUG main org.springframework.jdbc.datasource.DataSourceTransactionManager - Acquired Connection [com.mysql.cj.jdbc.ConnectionImpl@78c7f9b3] for JDBC transaction
DEBUG main org.springframework.jdbc.datasource.DataSourceUtils - Setting JDBC Connection [com.mysql.cj.jdbc.ConnectionImpl@78c7f9b3] read-only
DEBUG main org.springframework.jdbc.datasource.DataSourceTransactionManager - Switching JDBC Connection [com.mysql.cj.jdbc.ConnectionImpl@78c7f9b3] to manual commit
DEBUG main org.mybatis.spring.SqlSessionUtils - Creating a new SqlSession
DEBUG main org.mybatis.spring.SqlSessionUtils - Registering transaction synchronization for SqlSession [org.apache.ibatis.session.defaults.DefaultSqlSession@5a101b1c]
DEBUG main org.mybatis.spring.transaction.SpringManagedTransaction - JDBC Connection [com.mysql.cj.jdbc.ConnectionImpl@78c7f9b3] will be managed by Spring
DEBUG main com.cd.dao.IMoviesDao.findAll - ==>  Preparing: SELECT * FROM movie_list 
DEBUG main com.cd.dao.IMoviesDao.findAll - ==> Parameters: 
DEBUG main com.cd.dao.IMoviesDao.findAll - <==      Total: 6
DEBUG main org.mybatis.spring.SqlSessionUtils - Releasing transactional SqlSession [org.apache.ibatis.session.defaults.DefaultSqlSession@5a101b1c]
DEBUG main org.mybatis.spring.SqlSessionUtils - Transaction synchronization committing SqlSession [org.apache.ibatis.session.defaults.DefaultSqlSession@5a101b1c]
DEBUG main org.mybatis.spring.SqlSessionUtils - Transaction synchronization deregistering SqlSession [org.apache.ibatis.session.defaults.DefaultSqlSession@5a101b1c]
DEBUG main org.mybatis.spring.SqlSessionUtils - Transaction synchronization closing SqlSession [org.apache.ibatis.session.defaults.DefaultSqlSession@5a101b1c]
DEBUG main org.springframework.jdbc.datasource.DataSourceTransactionManager - Initiating transaction commit
DEBUG main org.springframework.jdbc.datasource.DataSourceTransactionManager - Committing JDBC transaction on Connection [com.mysql.cj.jdbc.ConnectionImpl@78c7f9b3]
DEBUG main org.springframework.jdbc.datasource.DataSourceUtils - Resetting read-only flag of JDBC Connection [com.mysql.cj.jdbc.ConnectionImpl@78c7f9b3]
DEBUG main org.springframework.jdbc.datasource.DataSourceTransactionManager - Releasing JDBC Connection [com.mysql.cj.jdbc.ConnectionImpl@78c7f9b3] after transaction
DEBUG main org.springframework.jdbc.datasource.DataSourceUtils - Returning JDBC Connection to DataSource
DEBUG main org.springframework.test.context.support.AbstractDirtiesContextTestExecutionListener - After test method: context [DefaultTestContext@62150f9e testClass = TestSpring, testInstance = com.cd.test.TestSpring@661972b0, testMethod = test@TestSpring, testException = [null], mergedContextConfiguration = [MergedContextConfiguration@1a451d4d testClass = TestSpring, locations = '{classpath:applicationContext.xml}', classes = '{}', contextInitializerClasses = '[]', activeProfiles = '{}', propertySourceLocations = '{}', propertySourceProperties = '{}', contextCustomizers = set[[empty]], contextLoader = 'org.springframework.test.context.support.DelegatingSmartContextLoader', parent = [null]], attributes = map[[empty]]], class annotated with @DirtiesContext [false] with mode [null], method annotated with @DirtiesContext [false] with mode [null].
DEBUG main org.springframework.test.context.support.AbstractDirtiesContextTestExecutionListener - After test class: context [DefaultTestContext@62150f9e testClass = TestSpring, testInstance = [null], testMethod = [null], testException = [null], mergedContextConfiguration = [MergedContextConfiguration@1a451d4d testClass = TestSpring, locations = '{classpath:applicationContext.xml}', classes = '{}', contextInitializerClasses = '[]', activeProfiles = '{}', propertySourceLocations = '{}', propertySourceProperties = '{}', contextCustomizers = set[[empty]], contextLoader = 'org.springframework.test.context.support.DelegatingSmartContextLoader', parent = [null]], attributes = map[[empty]]], class annotated with @DirtiesContext [false] with mode [null].
INFO Thread-1 org.springframework.context.support.GenericApplicationContext - Closing org.springframework.context.support.GenericApplicationContext@1623b78d: startup date [Mon Jan 24 09:33:17 CST 2022]; root of context hierarchy
DEBUG Thread-1 org.springframework.beans.factory.support.DefaultListableBeanFactory - Returning cached instance of singleton bean 'sqlSessionFactory'
DEBUG Thread-1 org.springframework.beans.factory.support.DefaultListableBeanFactory - Returning cached instance of singleton bean 'lifecycleProcessor'
DEBUG Thread-1 org.springframework.beans.factory.support.DefaultListableBeanFactory - Destroying singletons in org.springframework.beans.factory.support.DefaultListableBeanFactory@4b8729ff: defining beans [MoviesService,org.springframework.context.annotation.internalConfigurationAnnotationProcessor,org.springframework.context.annotation.internalAutowiredAnnotationProcessor,org.springframework.context.annotation.internalRequiredAnnotationProcessor,org.springframework.context.annotation.internalCommonAnnotationProcessor,org.springframework.context.event.internalEventListenerProcessor,org.springframework.context.event.internalEventListenerFactory,MapperScannerConfigurer,org.springframework.context.support.PropertySourcesPlaceholderConfigurer#0,dataSource,sqlSessionFactory,dataSourceTransactionManager,txAdvice,org.springframework.aop.config.internalAutoProxyCreator,org.springframework.aop.support.DefaultBeanFactoryPointcutAdvisor#0,IMoviesDao]; root of factory hierarchy
DEBUG Thread-1 org.springframework.beans.factory.support.DefaultListableBeanFactory - Retrieved dependent beans for bean 'sqlSessionFactory': [IMoviesDao]
DEBUG Thread-1 org.springframework.beans.factory.support.DefaultListableBeanFactory - Retrieved dependent beans for bean 'IMoviesDao': [MoviesService]
DEBUG Thread-1 org.springframework.beans.factory.support.DefaultListableBeanFactory - Retrieved dependent beans for bean 'MoviesService': [com.cd.test.TestSpring]
DEBUG Thread-1 org.springframework.beans.factory.support.DefaultListableBeanFactory - Retrieved dependent beans for bean 'dataSource': [dataSourceTransactionManager]
DEBUG Thread-1 org.springframework.beans.factory.support.DefaultListableBeanFactory - Retrieved dependent beans for bean 'dataSourceTransactionManager': [txAdvice]
DEBUG Thread-1 org.springframework.beans.factory.support.DefaultListableBeanFactory - Retrieved dependent beans for bean '(inner bean)#5707c1cb': [txAdvice]
DEBUG Thread-1 org.springframework.beans.factory.support.DisposableBeanAdapter - Invoking destroy method 'close' on bean with name 'dataSource'
INFO Thread-1 com.alibaba.druid.pool.DruidDataSource - {dataSource-1} closed
